<?xml version="1.0" encoding="UTF-8"?>
<testng-results skipped="0" failed="0" total="1" passed="1">
  <reporter-output>
  </reporter-output>
  <suite name="Default suite" duration-ms="11338" started-at="2017-05-19T23:42:47Z" finished-at="2017-05-19T23:42:58Z">
    <groups>
    </groups>
    <test name="Default test" duration-ms="11338" started-at="2017-05-19T23:42:47Z" finished-at="2017-05-19T23:42:58Z">
      <class name="System.FrameWork">
        <test-method status="PASS" signature="openingBrowser()[pri:0, instance:System.FrameWork@1593948d]" name="openingBrowser" duration-ms="11314" started-at="2017-05-19T18:42:47Z" finished-at="2017-05-19T18:42:58Z">
          <reporter-output>
          </reporter-output>
        </test-method> <!-- openingBrowser -->
      </class> <!-- System.FrameWork -->
    </test> <!-- Default test -->
  </suite> <!-- Default suite -->
</testng-results>
